[ 2016-07-04T14:31:27+08:00 ] ::1 /shphp046_C/28_thinkphp04/demo/
INFO: [ app_init ] --START--
INFO: Run Behavior\BuildLiteBehavior [ RunTime:0.000000s ]
INFO: [ app_init ] --END-- [ RunTime:0.000000s ]
INFO: [ app_begin ] --START--
INFO: Run Behavior\ReadHtmlCacheBehavior [ RunTime:0.000000s ]
INFO: [ app_begin ] --END-- [ RunTime:0.000000s ]
INFO: [ view_parse ] --START--
INFO: [ template_filter ] --START--
INFO: Run Behavior\ContentReplaceBehavior [ RunTime:0.000000s ]
INFO: [ template_filter ] --END-- [ RunTime:0.000000s ]
INFO: Run Behavior\ParseTemplateBehavior [ RunTime:0.031201s ]
INFO: [ view_parse ] --END-- [ RunTime:0.031201s ]
INFO: [ view_filter ] --START--
INFO: Run Behavior\WriteHtmlCacheBehavior [ RunTime:0.000000s ]
INFO: [ view_filter ] --END-- [ RunTime:0.000000s ]
INFO: [ app_end ] --START--
INFO: Run Behavior\ShowPageTraceBehavior [ RunTime:0.000000s ]
INFO: [ app_end ] --END-- [ RunTime:0.000000s ]

[ 2016-07-04T14:35:35+08:00 ] ::1 /shphp046_C/28_thinkphp04/demo/
ERR: 模板不存在:./App/Home/View/Index/index.html

[ 2016-07-04T14:37:12+08:00 ] ::1 /shphp046_C/28_thinkphp04/demo/
ERR: 模板不存在:./App/Home/View/Index/index.html

[ 2016-07-04T14:37:27+08:00 ] ::1 /shphp046_C/28_thinkphp04/demo/
ERR: 模板不存在:./App/Home/View/Index/index.html

[ 2016-07-04T14:37:28+08:00 ] ::1 /shphp046_C/28_thinkphp04/demo/
ERR: 模板不存在:./App/Home/View/Index/index.html

